mod3210: module purge
mod3210: module load gcc/9.1.0
mod3210: module load simd/avx2
mod3210: module load bar/5.4
mod3210: module list
Currently Loaded Modulefiles:
  1) gcc/9.1.0   2) simd/avx2   3) bar/5.4
mod3210: bar
This is fake bar 5.4 (gcc/9.1.0, avx2)
mod3210: module unload bar
mod3210: module switch simd simd/avx
mod3210: module load bar/5.4
mod3210: module list
Currently Loaded Modulefiles:
  1) gcc/9.1.0   2) simd/avx    3) bar/5.4
mod3210: bar
This is fake bar 5.4 (gcc/9.1.0, avx)
mod3210: module unload bar
mod3210: module switch simd simd/sse4.1
mod3210: module load bar/5.4


**** ERROR *****:

foo/5.4 does not appear to be built for compiler gcc/9.1.0 and simd/sse4.1

Please select a different openmpi version or different compiler/simd combination.




mod3210: module list
Currently Loaded Modulefiles:
  1) gcc/9.1.0     2) simd/sse4.1
