mod3210: module purge
mod3210: module load pgi/19.4
mod3210: module load openmpi/4.0
mod3210: module list
Currently Loaded Modulefiles:
  1) pgi/19.4      2) openmpi/4.0
mod3210: mpirun
This is fake mpirun (openmpi/4.0, pgi/19.4)
mod3210: module unload openmpi
mod3210: module switch pgi intel/2019
mod3210: module load openmpi/4.0
mod3210: module list
Currently Loaded Modulefiles:
  1) intel/2019    2) openmpi/4.0
mod3210: mpirun
This is fake mpirun (openmpi/4.0, intel/2019)
mod3210: module unload openmpi
mod3210: module switch intel gcc/9.1.0
mod3210: module load openmpi/4.0
mod3210: mpirun
This is fake mpirun (openmpi/4.0, gcc/9.1.0)
mod3210: module unload openmpi
mod3210: module switch gcc gcc/8.2.0
mod3210: module load openmpi/4.0


**** ERROR *****:

openmpi/4.0 does not appear to be built for compiler gcc/8.2.0

Please select a different openmpi version or different compiler.




mod3210: module list
Currently Loaded Modulefiles:
  1) gcc/8.2.0
