mod431-flavours: module purge
mod431-flavours: module load pgi/18.4
mod431-flavours: module load openmpi/3.1
mod431-flavours: module load foo/1.1
mod431-flavours: module list
Currently Loaded Modulefiles:
 1) pgi/18.4   2) openmpi/3.1   3) foo/1.1  
mod431-flavours: foo
This is fake foo 1.1 (pgi/18.4, openmpi/3.1)
mod431-flavours: module --auto switch pgi intel/2018
/homes/payerle/modules/install/mod4.3.1-flavours/init/bash: line 86: WRAPPER:: command not found
/homes/payerle/modules/install/mod4.3.1-flavours/init/bash: line 87: WRAPPER:: command not found
/homes/payerle/modules/install/mod4.3.1-flavours/init/bash: line 88: WRAPPER:: command not found
/homes/payerle/modules/install/mod4.3.1-flavours/init/bash: line 89: WRAPPER:: command not found
/homes/payerle/modules/install/mod4.3.1-flavours/init/bash: line 90: WRAPPER:: command not found
/homes/payerle/modules/install/mod4.3.1-flavours/init/bash: line 91: WRAPPER:: command not found
/homes/payerle/modules/install/mod4.3.1-flavours/init/bash: line 92: WRAPPER:: command not found
/homes/payerle/modules/install/mod4.3.1-flavours/init/bash: line 93: WRAPPER:: command not found
mod431-flavours: module list
Currently Loaded Modulefiles:
 1) openmpi/3.1   2) foo/1.1   3) intel/2018  
mod431-flavours: foo
This is fake foo 1.1 (pgi/18.4, openmpi/3.1)
mod431-flavours: mpirun
This is fake mpirun (openmpi/3.1, pgi/18.4)
