mod431: module purge
mod431: module load foo
Loading foo/gcc/8.2.0/nompi/1.1
  Loading requirement: gcc/8.2.0
mod431: module list
Currently Loaded Modulefiles:
 1) gcc/8.2.0   2) foo/gcc/8.2.0/nompi/1.1  
mod431: foo
This is fake foo 1.1 (gcc/8.2.0, nompi)
mod431: module purge
mod431: module load foo/1.1
Loading foo/1.1/gcc/8.2.0/nompi
  Loading requirement: gcc/8.2.0
mod431: module list
Currently Loaded Modulefiles:
 1) gcc/8.2.0   2) foo/1.1/gcc/8.2.0/nompi(default)  
mod431: foo
This is fake foo 1.1 (gcc/8.2.0, nompi)
mod431: module purge
mod431: module load pgi/18.4
mod431: module load foo
mod431: module list
Currently Loaded Modulefiles:
 1) pgi/18.4   2) foo/pgi/18.4/nompi/1.1  
mod431: foo
This is fake foo 1.1 (pgi/18.4, nompi)
