mod3210: module purge
mod3210: module load pgi/19.4
mod3210: module load foo/2.4
mod3210: module list
Currently Loaded Modulefiles:
  1) pgi/19.4   2) foo/2.4
mod3210: foo
This is fake foo 2.4 (pgi/19.4, nompi)
mod3210: module unload foo
mod3210: module load openmpi/3.1
mod3210: module load foo/2.4
mod3210: module list
Currently Loaded Modulefiles:
  1) pgi/19.4      2) openmpi/3.1   3) foo/2.4
mod3210: foo
This is fake foo 2.4 (pgi/19.4, openmpi/3.1)
mod3210: module unload foo
mod3210: module unload openmpi
mod3210: module switch pgi intel/2019
mod3210: module load foo/2.4
mod3210: module list
Currently Loaded Modulefiles:
  1) intel/2019   2) foo/2.4
mod3210: foo
This is fake foo 2.4 (intel/2019, nompi)
mod3210: module unload foo
mod3210: module load intelmpi
mod3210: module load foo/2.4
mod3210: module list
Currently Loaded Modulefiles:
  1) intel/2019         2) intelmpi/default   3) foo/2.4
mod3210: foo
This is fake foo 2.4 (intel/2019, intelmpi)
mod3210: module unload foo
mod3210: module switch intelmpi mvapich/2.3.1
mod3210: module load foo/2.4
mod3210: module list
Currently Loaded Modulefiles:
  1) intel/2019      2) mvapich/2.3.1   3) foo/2.4
mod3210: foo
This is fake foo 2.4 (intel/2019, mvapich/2.3.1)
mod3210: module unload foo
mod3210: module switch mvapich openmpi/4.0
mod3210: module load foo/2.4
mod3210: module list
Currently Loaded Modulefiles:
  1) intel/2019    2) openmpi/4.0   3) foo/2.4
mod3210: foo
This is fake foo 2.4 (intel/2019, openmpi/4.0)
mod3210: module unload foo
mod3210: module unload openmpi
mod3210: module switch intel/2019 gcc/9.1.0
mod3210: module load foo/2.4
mod3210: module list
Currently Loaded Modulefiles:
  1) gcc/9.1.0   2) foo/2.4
mod3210: foo
This is fake foo 2.4 (gcc/9.1.0, nompi)
mod3210: module unload foo
mod3210: module load mvapich/2.3.1
mod3210: module load foo/2.4
mod3210: module list
Currently Loaded Modulefiles:
  1) gcc/9.1.0       2) mvapich/2.3.1   3) foo/2.4
mod3210: foo
This is fake foo 2.4 (gcc/9.1.0, mvapich/2.3.1)
mod3210: module unload foo
mod3210: module switch mvapich openmpi/4.0
mod3210: module load foo/2.4
mod3210: module list
Currently Loaded Modulefiles:
  1) gcc/9.1.0     2) openmpi/4.0   3) foo/2.4
mod3210: foo
This is fake foo 2.4 (gcc/9.1.0, openmpi/4.0)
