mod3210: module purge
mod3210: module load foo
ModuleCmd_Load.c(213):ERROR:105: Unable to locate a modulefile for 'foo'
mod3210: module load gcc/8.2.0
mod3210: module load foo
mod3210: module list
Currently Loaded Modulefiles:
  1) gcc/8.2.0   2) foo/1.1
mod3210: foo
This is fake foo 1.1 (gcc/8.2.0, nompi)
mod3210: module purge
mod3210: module load gcc/8.2.0
mod3210: module load foo/2.4
ModuleCmd_Load.c(213):ERROR:105: Unable to locate a modulefile for 'foo/2.4'
mod3210: module list
Currently Loaded Modulefiles:
  1) gcc/8.2.0
mod3210: module load foo/1.1
mod3210: module list
Currently Loaded Modulefiles:
  1) gcc/8.2.0   2) foo/1.1
mod3210: foo
This is fake foo 1.1 (gcc/8.2.0, nompi)
mod3210: module purge
mod3210: module load pgi/18.4
mod3210: module load foo
mod3210: module list
Currently Loaded Modulefiles:
  1) pgi/18.4   2) foo/1.1
mod3210: foo
This is fake foo 1.1 (pgi/18.4, nompi)
