mod431: module purge
mod431: module load bar

[INFO] Setting simd to simd/sse4.1



**** ERROR *****:

foo/5.4 does not appear to be built for compiler gcc/8.2.0 and simd/sse4.1

Please select a different openmpi version or different compiler/simd combination.





Loading bar/5.4
  ERROR: Module evaluation aborted
mod431: module list
No Modulefiles Currently Loaded.
mod431: module purge
mod431: module load bar/4.7

[INFO] Setting simd to simd/sse4.1


Loading bar/4.7
  Loading requirement: gcc/8.2.0 simd/sse4.1
mod431: module list
Currently Loaded Modulefiles:
 1) gcc/8.2.0   2) simd/sse4.1   3) bar/4.7  
mod431: bar
This is fake bar 4.7 (gcc/8.2.0, sse4.1)
