mod431: module purge
mod431: module load gcc/9.1.0
mod431: module load simd/avx2
mod431: module load bar/5.4
mod431: module list
Currently Loaded Modulefiles:
 1) gcc/9.1.0   2) simd/avx2   3) bar/5.4  
mod431: bar
This is fake bar 5.4 (gcc/9.1.0, avx2)
mod431: module unload bar
mod431: module switch simd simd/avx
mod431: module load bar/5.4
mod431: module list
Currently Loaded Modulefiles:
 1) gcc/9.1.0   2) simd/avx   3) bar/5.4  
mod431: bar
This is fake bar 5.4 (gcc/9.1.0, avx)
mod431: module unload bar
mod431: module switch simd simd/sse4.1
mod431: module load bar/5.4


**** ERROR *****:

foo/5.4 does not appear to be built for compiler gcc/9.1.0 and simd/sse4.1

Please select a different openmpi version or different compiler/simd combination.





Loading bar/5.4
  ERROR: Module evaluation aborted
mod431: module list
Currently Loaded Modulefiles:
 1) gcc/9.1.0   2) simd/sse4.1  
