mod431: module purge
mod431: module load foo


**** ERROR *****:

foo/2.4 does not appear to be built for compiler gcc/8.2.0 and MPI nompi

Please select a different openmpi version or different compiler/MPI library combination.





Loading foo/2.4
  ERROR: Module evaluation aborted
mod431: module list
No Modulefiles Currently Loaded.
mod431: module purge
mod431: module load foo/1.1
Loading foo/1.1
  Loading requirement: gcc/8.2.0
mod431: module list
Currently Loaded Modulefiles:
 1) gcc/8.2.0   2) foo/1.1  
mod431: foo
This is fake foo 1.1 (gcc/8.2.0, nompi)
mod431: module purge
mod431: module load pgi/18.4
mod431: module load foo


**** ERROR *****:

foo/2.4 does not appear to be built for compiler pgi/18.4 and MPI nompi

Please select a different openmpi version or different compiler/MPI library combination.





Loading foo/2.4
  ERROR: Module evaluation aborted
mod431: module list
Currently Loaded Modulefiles:
 1) pgi/18.4  
