mod3210-flavours: module purge
mod3210-flavours: module load gnu/9.1.0
mod3210-flavours: module load simd/avx2
mod3210-flavours: module load bar/5.4
mod3210-flavours: module list
Currently Loaded Modulefiles:
  1) gnu/9.1.0   2) simd/avx2   3) bar/5.4
mod3210-flavours: bar
This is fake bar 5.4 (gcc/9.1.0, avx2)
mod3210-flavours: module unload bar
mod3210-flavours: module switch simd simd/avx
mod3210-flavours: module load bar/5.4
mod3210-flavours: module list
Currently Loaded Modulefiles:
  1) gnu/9.1.0   2) simd/avx    3) bar/5.4
mod3210-flavours: bar
This is fake bar 5.4 (gcc/9.1.0, avx)
mod3210-flavours: module unload bar
mod3210-flavours: module switch simd simd/sse4.1
mod3210-flavours: module load bar/5.4
bar/5.4 - no flavour compatible with modules 'gnu/9.1.0 simd/sse4.1'
mod3210-flavours: module list
Currently Loaded Modulefiles:
  1) gnu/9.1.0     2) simd/sse4.1
