mod3210: module purge
mod3210: module load foo
mod3210: module list
Currently Loaded Modulefiles:
  1) gcc/8.2.0(default)        2) foo/gcc/8.2.0/nompi/1.1
mod3210: foo
This is fake foo 1.1 (gcc/8.2.0, nompi)
mod3210: module purge
mod3210: module load foo/1.1
mod3210: module list
Currently Loaded Modulefiles:
  1) gcc/8.2.0(default)        2) foo/1.1/gcc/8.2.0/nompi
mod3210: foo
This is fake foo 1.1 (gcc/8.2.0, nompi)
mod3210: module purge
mod3210: module load pgi/18.4
mod3210: module load foo
mod3210: module list
Currently Loaded Modulefiles:
  1) pgi/18.4(default)        2) foo/pgi/18.4/nompi/1.1
mod3210: foo
This is fake foo 1.1 (pgi/18.4, nompi)
