mod3210: module purge
mod3210: module load pgi/19.4
mod3210: module load foo/2.4
mod3210: module list
Currently Loaded Modulefiles:
  1) pgi/19.4(default)        2) foo/2.4/pgi/19.4/nompi
mod3210: foo
This is fake foo 2.4 (pgi/19.4, nompi)
mod3210: module unload foo
mod3210: module load openmpi/3.1
mod3210: module load foo/2.4
mod3210: module list
Currently Loaded Modulefiles:
  1) pgi/19.4(default)        3) foo/2.4/pgi/19.4/nompi
  2) openmpi/3.1/pgi/19.4
mod3210: foo
This is fake foo 2.4 (pgi/19.4, nompi)
mod3210: module unload foo
mod3210: module unload openmpi
mod3210: module switch pgi intel/2019
mod3210: module load foo/2.4
mod3210: module list
Currently Loaded Modulefiles:
  1) intel/2019(default)        2) foo/2.4/intel/2019/nompi
mod3210: foo
This is fake foo 2.4 (intel/2019, nompi)
mod3210: module unload foo
mod3210: module load intelmpi
ModuleCmd_Load.c(213):ERROR:105: Unable to locate a modulefile for 'intelmpi'
mod3210: module load foo/2.4
mod3210: module list
Currently Loaded Modulefiles:
  1) intel/2019(default)        2) foo/2.4/intel/2019/nompi
mod3210: foo
This is fake foo 2.4 (intel/2019, nompi)
mod3210: module unload foo
mod3210: module switch intelmpi mvapich/2.3.1
ModuleCmd_Switch.c(172):ERROR:152: Module 'intelmpi' is currently not loaded
mod3210: module load foo/2.4
mod3210: module list
Currently Loaded Modulefiles:
  1) intel/2019(default)        2) foo/2.4/intel/2019/nompi
mod3210: foo
This is fake foo 2.4 (intel/2019, nompi)
mod3210: module unload foo
mod3210: module switch mvapich openmpi/4.0
ModuleCmd_Switch.c(172):ERROR:152: Module 'mvapich' is currently not loaded
mod3210: module load foo/2.4
mod3210: module list
Currently Loaded Modulefiles:
  1) intel/2019(default)        2) foo/2.4/intel/2019/nompi
mod3210: foo
This is fake foo 2.4 (intel/2019, nompi)
mod3210: module unload foo
mod3210: module unload openmpi
mod3210: module switch intel/2019 gcc/9.1.0
mod3210: module load foo/2.4
mod3210: module list
Currently Loaded Modulefiles:
  1) gcc/9.1.0(default)        2) foo/2.4/gcc/9.1.0/nompi
mod3210: foo
This is fake foo 2.4 (gcc/9.1.0, nompi)
mod3210: module unload foo
mod3210: module load mvapich/2.3.1
mod3210: module load foo/2.4
mod3210: module list
Currently Loaded Modulefiles:
  1) gcc/9.1.0(default)        3) foo/2.4/gcc/9.1.0/nompi
  2) mvapich/2.3.1/gcc/9.1.0
mod3210: foo
This is fake foo 2.4 (gcc/9.1.0, nompi)
mod3210: module unload foo
mod3210: module switch mvapich openmpi/4.0
mod3210: module load foo/2.4
mod3210: module list
Currently Loaded Modulefiles:
  1) gcc/9.1.0(default)        3) foo/2.4/gcc/9.1.0/nompi
  2) openmpi/4.0/gcc/9.1.0
mod3210: foo
This is fake foo 2.4 (gcc/9.1.0, nompi)
